f:\c++\vulkan2drenderer\build\engine\debug\renderer.pdb
f:\c++\vulkan2drenderer\build\engine\renderer.dir\debug\vulkansync.obj
f:\c++\vulkan2drenderer\build\engine\renderer.dir\debug\vulkanswapchain.obj
f:\c++\vulkan2drenderer\build\engine\renderer.dir\debug\vulkanrenderer.obj
f:\c++\vulkan2drenderer\build\engine\renderer.dir\debug\vulkanrenderpass.obj
f:\c++\vulkan2drenderer\build\engine\renderer.dir\debug\vulkanpipeline.obj
f:\c++\vulkan2drenderer\build\engine\renderer.dir\debug\vulkanframebuffer.obj
f:\c++\vulkan2drenderer\build\engine\renderer.dir\debug\vulkandevice.obj
f:\c++\vulkan2drenderer\build\engine\renderer.dir\debug\vulkancontext.obj
f:\c++\vulkan2drenderer\build\engine\renderer.dir\debug\vulkancommandbuffer.obj
f:\c++\vulkan2drenderer\build\engine\cmakefiles\generate.stamp
f:\c++\vulkan2drenderer\build\engine\debug\renderer.lib
f:\c++\vulkan2drenderer\build\engine\renderer.dir\debug\renderer.tlog\cl.command.1.tlog
f:\c++\vulkan2drenderer\build\engine\renderer.dir\debug\renderer.tlog\cl.items.tlog
f:\c++\vulkan2drenderer\build\engine\renderer.dir\debug\renderer.tlog\cl.read.1.tlog
f:\c++\vulkan2drenderer\build\engine\renderer.dir\debug\renderer.tlog\cl.write.1.tlog
f:\c++\vulkan2drenderer\build\engine\renderer.dir\debug\renderer.tlog\custombuild.command.1.tlog
f:\c++\vulkan2drenderer\build\engine\renderer.dir\debug\renderer.tlog\custombuild.read.1.tlog
f:\c++\vulkan2drenderer\build\engine\renderer.dir\debug\renderer.tlog\custombuild.write.1.tlog
f:\c++\vulkan2drenderer\build\engine\renderer.dir\debug\renderer.tlog\lib-link.read.1.tlog
f:\c++\vulkan2drenderer\build\engine\renderer.dir\debug\renderer.tlog\lib-link.write.1.tlog
f:\c++\vulkan2drenderer\build\engine\renderer.dir\debug\renderer.tlog\lib.command.1.tlog
